{
  "stats": {
    "suites": 1,
    "tests": 1,
    "passes": 1,
    "pending": 0,
    "failures": 0,
    "start": "2023-03-02T22:49:22.585Z",
    "end": "2023-03-02T22:49:36.409Z",
    "duration": 13824,
    "testsRegistered": 1,
    "passPercent": 100,
    "pendingPercent": 0,
    "other": 0,
    "hasOther": false,
    "skipped": 0,
    "hasSkipped": false
  },
  "results": [
    {
      "uuid": "b117b32e-bc81-49e1-8ba8-91fdb4667cca",
      "title": "",
      "fullFile": "cypress/integration/com.techproed/day01_launch_browser.js",
      "file": "cypress/integration/com.techproed/day01_launch_browser.js",
      "beforeHooks": [],
      "afterHooks": [],
      "tests": [],
      "suites": [
        {
          "uuid": "fcde081e-f7d1-4d04-acf1-22ccb02426dc",
          "title": "Go to the application",
          "fullFile": "",
          "file": "",
          "beforeHooks": [],
          "afterHooks": [],
          "tests": [
            {
              "title": "Test Case 1",
              "fullTitle": "Go to the application Test Case 1",
              "timedOut": null,
              "duration": 11470,
              "state": "passed",
              "speed": "slow",
              "pass": true,
              "fail": false,
              "pending": false,
              "context": null,
              "code": "// visit () => to go to the URL\ncy.visit('https://qa-environment.crystalkeyhotels.com/'); //clicking on Log in\n//Finding the elements \n//whose text includes 'Log in'\n//Then clicking on it\ncy.contains('Log in').click(); //Verifying if the user is on the Login page\n//I will check if the new url contains /Account/Logon\ncy.url().should('include', '/Account/Logon'); //get() is used to find element.\n//Find username and type 'manager'\n//type() is used to type in input box\ncy.get('#UserName').type('manager'); //Find password and type 'Manager2!'\ncy.get('#Password').type('Manager2!'); //Click on the submit button\n//Click() is used to click on the buttons\ncy.get('#btnSubmit').click(); //Verify if the user is on the Admin - ListOfUsers page\ncy.url().should('include', '/Admin/UserAdmin'); //Verify if the title equal to 'Admin - ListOfUsers'\ncy.title().should('eq', 'Admin - ListOfUsers');",
              "err": {},
              "uuid": "0c6c2ec3-0a25-4639-9afd-ba6ebda7e5f0",
              "parentUUID": "fcde081e-f7d1-4d04-acf1-22ccb02426dc",
              "isHook": false,
              "skipped": false
            }
          ],
          "suites": [],
          "passes": [
            "0c6c2ec3-0a25-4639-9afd-ba6ebda7e5f0"
          ],
          "failures": [],
          "pending": [],
          "skipped": [],
          "duration": 11470,
          "root": false,
          "rootEmpty": false,
          "_timeout": 2000
        }
      ],
      "passes": [],
      "failures": [],
      "pending": [],
      "skipped": [],
      "duration": 0,
      "root": true,
      "rootEmpty": true,
      "_timeout": 2000
    }
  ],
  "meta": {
    "mocha": {
      "version": "7.0.1"
    },
    "mochawesome": {
      "options": {
        "quiet": false,
        "reportFilename": "report",
        "saveHtml": true,
        "saveJson": true,
        "consoleReporter": "spec",
        "useInlineDiffs": false,
        "code": true
      },
      "version": "6.2.2"
    },
    "marge": {
      "options": {
        "reportDir": "cypress/reports",
        "reportFilename": "report",
        "overwrite": false,
        "html": true,
        "json": true,
        "charts": true
      },
      "version": "5.2.0"
    }
  }
}