{
  "stats": {
    "suites": 1,
    "tests": 1,
    "passes": 1,
    "pending": 1,
    "failures": -1,
    "start": "2023-03-03T11:13:10.183Z",
    "end": "2023-03-03T11:13:15.474Z",
    "duration": 5291,
    "testsRegistered": 2,
    "passPercent": 100,
    "pendingPercent": 50,
    "other": 1,
    "hasOther": true,
    "skipped": 1,
    "hasSkipped": true
  },
  "results": [
    {
      "uuid": "bf3639b1-a249-495d-8a1d-d77ba6622e6c",
      "title": "",
      "fullFile": "cypress/integration/com.techproed/day02_basic_navigations.js",
      "file": "cypress/integration/com.techproed/day02_basic_navigations.js",
      "beforeHooks": [],
      "afterHooks": [],
      "tests": [],
      "suites": [
        {
          "uuid": "afd07cf6-6b78-4087-8e2c-2c1ff01230d1",
          "title": "navigations",
          "fullFile": "",
          "file": "",
          "beforeHooks": [],
          "afterHooks": [],
          "tests": [
            {
              "title": "back, forward, refresh",
              "fullTitle": "navigations back, forward, refresh",
              "timedOut": null,
              "duration": 0,
              "state": "pending",
              "speed": null,
              "pass": false,
              "fail": false,
              "pending": true,
              "context": null,
              "code": "",
              "err": {},
              "uuid": "a143b41d-6557-4189-ab1b-8e9273474740",
              "parentUUID": "afd07cf6-6b78-4087-8e2c-2c1ff01230d1",
              "isHook": false,
              "skipped": false
            },
            {
              "title": "chaining the navigations",
              "fullTitle": "navigations chaining the navigations",
              "timedOut": null,
              "duration": 3886,
              "state": "passed",
              "speed": "fast",
              "pass": true,
              "fail": false,
              "pending": false,
              "context": null,
              "code": "//WE CAN CHAIN THE FUNCTION\ncy.visit('https://qa-environment.crystalkeyhotels.com/'); //chaining the methods\ncy.contains('Log in').click().go('back').go('forward').go('back'); //forcing to reload. Note that we do not need to force here\n//And verify the Log in link is visible\ncy.reload(true) //true means force\n.contains('Log in') //getting the Log in element\n.should('be.visible'); //asserting if the element is visible",
              "err": {},
              "uuid": "acdd6616-08b6-44d4-a6ab-fed1d7f6fd4f",
              "parentUUID": "afd07cf6-6b78-4087-8e2c-2c1ff01230d1",
              "isHook": false,
              "skipped": false
            }
          ],
          "suites": [],
          "passes": [
            "acdd6616-08b6-44d4-a6ab-fed1d7f6fd4f"
          ],
          "failures": [],
          "pending": [
            "a143b41d-6557-4189-ab1b-8e9273474740"
          ],
          "skipped": [],
          "duration": 3886,
          "root": false,
          "rootEmpty": false,
          "_timeout": 2000
        }
      ],
      "passes": [],
      "failures": [],
      "pending": [],
      "skipped": [],
      "duration": 0,
      "root": true,
      "rootEmpty": true,
      "_timeout": 2000
    }
  ],
  "meta": {
    "mocha": {
      "version": "7.0.1"
    },
    "mochawesome": {
      "options": {
        "quiet": false,
        "reportFilename": "report",
        "saveHtml": true,
        "saveJson": true,
        "consoleReporter": "spec",
        "useInlineDiffs": false,
        "code": true
      },
      "version": "6.2.2"
    },
    "marge": {
      "options": {
        "reportDir": "cypress/reports",
        "reportFilename": "report",
        "overwrite": false,
        "html": true,
        "json": true,
        "charts": true
      },
      "version": "5.2.0"
    }
  }
}