{
  "stats": {
    "suites": 1,
    "tests": 1,
    "passes": 1,
    "pending": 0,
    "failures": 0,
    "start": "2023-03-03T11:21:12.908Z",
    "end": "2023-03-03T11:21:20.969Z",
    "duration": 8061,
    "testsRegistered": 1,
    "passPercent": 100,
    "pendingPercent": 0,
    "other": 0,
    "hasOther": false,
    "skipped": 0,
    "hasSkipped": false
  },
  "results": [
    {
      "uuid": "a53e1f45-bb21-4658-ae99-61d52c5e6927",
      "title": "",
      "fullFile": "cypress/integration/com.techproed/day02_hover_over.js",
      "file": "cypress/integration/com.techproed/day02_hover_over.js",
      "beforeHooks": [],
      "afterHooks": [],
      "tests": [],
      "suites": [
        {
          "uuid": "13de7db6-71b7-439f-b92a-b48746b427b4",
          "title": "move over",
          "fullFile": "",
          "file": "",
          "beforeHooks": [],
          "afterHooks": [],
          "tests": [
            {
              "title": "amazon hover over",
              "fullTitle": "move over amazon hover over",
              "timedOut": null,
              "duration": 6287,
              "state": "passed",
              "speed": "medium",
              "pass": true,
              "fail": false,
              "pending": false,
              "context": null,
              "code": "cy.visit('https://www.amazon.com/');\ncy.get('.icp-nav-link-inner') //getting the element \n.trigger('mouseover'); //moving the mouse over\ncy.wait(3000);\n/*Test Case\nclick on Change country/region\nselect Canada from the dropdown\n*/\n//click on Change country/region\ncy.contains('Change country/region').click(); //select Canada from the dropdown\ncy.get(\"#icp-dropdown\").select('Canada', {\n  force: true\n});",
              "err": {},
              "uuid": "cf1e839f-ee6d-4cd3-a70b-043fe9db9974",
              "parentUUID": "13de7db6-71b7-439f-b92a-b48746b427b4",
              "isHook": false,
              "skipped": false
            }
          ],
          "suites": [],
          "passes": [
            "cf1e839f-ee6d-4cd3-a70b-043fe9db9974"
          ],
          "failures": [],
          "pending": [],
          "skipped": [],
          "duration": 6287,
          "root": false,
          "rootEmpty": false,
          "_timeout": 2000
        }
      ],
      "passes": [],
      "failures": [],
      "pending": [],
      "skipped": [],
      "duration": 0,
      "root": true,
      "rootEmpty": true,
      "_timeout": 2000
    }
  ],
  "meta": {
    "mocha": {
      "version": "7.0.1"
    },
    "mochawesome": {
      "options": {
        "quiet": false,
        "reportFilename": "report",
        "saveHtml": true,
        "saveJson": true,
        "consoleReporter": "spec",
        "useInlineDiffs": false,
        "code": true
      },
      "version": "6.2.2"
    },
    "marge": {
      "options": {
        "reportDir": "cypress/reports",
        "reportFilename": "report",
        "overwrite": false,
        "html": true,
        "json": true,
        "charts": true
      },
      "version": "5.2.0"
    }
  }
}