{
  "stats": {
    "suites": 1,
    "tests": 1,
    "passes": 1,
    "pending": 0,
    "failures": 0,
    "start": "2023-03-03T11:20:50.476Z",
    "end": "2023-03-03T11:21:02.114Z",
    "duration": 11638,
    "testsRegistered": 1,
    "passPercent": 100,
    "pendingPercent": 0,
    "other": 0,
    "hasOther": false,
    "skipped": 0,
    "hasSkipped": false
  },
  "results": [
    {
      "uuid": "c0a1ab34-7f63-41d1-afdf-44ff21547ecb",
      "title": "",
      "fullFile": "cypress/integration/com.techproed/day02_checkbox.js",
      "file": "cypress/integration/com.techproed/day02_checkbox.js",
      "beforeHooks": [],
      "afterHooks": [],
      "tests": [],
      "suites": [
        {
          "uuid": "1251b4ae-581e-4cb4-9803-7c7eb049c8b9",
          "title": "checkboxes",
          "fullFile": "",
          "file": "",
          "beforeHooks": [],
          "afterHooks": [],
          "tests": [
            {
              "title": "check all checkboxes",
              "fullTitle": "checkboxes check all checkboxes",
              "timedOut": null,
              "duration": 9725,
              "state": "passed",
              "speed": "medium",
              "pass": true,
              "fail": false,
              "pending": false,
              "context": null,
              "code": "//go to http://automationpractice.com/index.php\n//click on WOMEN\n//check the first checkbox\ncy.visit('http://automationpractice.pl/index.php');\ncy.get('.sf-with-ul') //returning 4 elements\n.first() //selecting on the first element\n.click(); //clicking on the first one\n// input[type='checkbox'] returns all of the checkbox on the page\ncy.get(\"input[type='checkbox']\").check();\ncy.wait(3000);\ncy.get(\"input[type='checkbox']\").uncheck();",
              "err": {},
              "uuid": "91e4e01d-5a76-45ba-a3dc-0dd97100ffb6",
              "parentUUID": "1251b4ae-581e-4cb4-9803-7c7eb049c8b9",
              "isHook": false,
              "skipped": false
            }
          ],
          "suites": [],
          "passes": [
            "91e4e01d-5a76-45ba-a3dc-0dd97100ffb6"
          ],
          "failures": [],
          "pending": [],
          "skipped": [],
          "duration": 9725,
          "root": false,
          "rootEmpty": false,
          "_timeout": 2000
        }
      ],
      "passes": [],
      "failures": [],
      "pending": [],
      "skipped": [],
      "duration": 0,
      "root": true,
      "rootEmpty": true,
      "_timeout": 2000
    }
  ],
  "meta": {
    "mocha": {
      "version": "7.0.1"
    },
    "mochawesome": {
      "options": {
        "quiet": false,
        "reportFilename": "report",
        "saveHtml": true,
        "saveJson": true,
        "consoleReporter": "spec",
        "useInlineDiffs": false,
        "code": true
      },
      "version": "6.2.2"
    },
    "marge": {
      "options": {
        "reportDir": "cypress/reports",
        "reportFilename": "report",
        "overwrite": false,
        "html": true,
        "json": true,
        "charts": true
      },
      "version": "5.2.0"
    }
  }
}