{
  "stats": {
    "suites": 1,
    "tests": 2,
    "passes": 2,
    "pending": 0,
    "failures": 0,
    "start": "2023-03-03T11:13:02.346Z",
    "end": "2023-03-03T11:13:08.710Z",
    "duration": 6364,
    "testsRegistered": 2,
    "passPercent": 100,
    "pendingPercent": 0,
    "other": 0,
    "hasOther": false,
    "skipped": 0,
    "hasSkipped": false
  },
  "results": [
    {
      "uuid": "e57250c7-cef5-4227-99c9-7327e85f22a9",
      "title": "",
      "fullFile": "cypress/integration/com.techproed/day02_alerts.js",
      "file": "cypress/integration/com.techproed/day02_alerts.js",
      "beforeHooks": [],
      "afterHooks": [],
      "tests": [],
      "suites": [
        {
          "uuid": "43175ae5-f645-4860-91c1-e265524218c7",
          "title": "alerts",
          "fullFile": "",
          "file": "",
          "beforeHooks": [],
          "afterHooks": [],
          "tests": [
            {
              "title": "dismiss alert Test",
              "fullTitle": "alerts dismiss alert Test",
              "timedOut": null,
              "duration": 1304,
              "state": "passed",
              "speed": "fast",
              "pass": true,
              "fail": false,
              "pending": false,
              "context": null,
              "code": "/*\nCypress automatically accepts alert when you click on alert button\nWith cypress we can control the browser events using on function\non is a jquery function\n   */\ncy.visit('https://the-internet.herokuapp.com/javascript_alerts'); //clicking the second alrt button\n//by default the alert will be accepted\ncy.get(':nth-child(2) > button').click(); // //window(object):confirm(functionality)\ncy.on('window:confirm', str => {\n  return false; //DEFAULT CYPRESS BEHAVIOUR return true\n}); //Asserting the result now has You clicked: Cancel\ncy.get('#result').should('have.text', 'You clicked: Cancel');",
              "err": {},
              "uuid": "a6e2e209-e58b-4953-9c3d-4854daa31ecd",
              "parentUUID": "43175ae5-f645-4860-91c1-e265524218c7",
              "isHook": false,
              "skipped": false
            },
            {
              "title": "entering text on the alert",
              "fullTitle": "alerts entering text on the alert",
              "timedOut": null,
              "duration": 3319,
              "state": "passed",
              "speed": "fast",
              "pass": true,
              "fail": false,
              "pending": false,
              "context": null,
              "code": "/*\nCypress automatically accepts alert when you click on alert button\nWe will use window()\n */\ncy.visit('https://the-internet.herokuapp.com/javascript_alerts'); //Controll the promtp\n//type Hi\n//click Ok\ncy.window() //to controll the pop up window\n.then($windowElement => {\n  //$windowElement represent the window popup element\n  cy.stub($windowElement, 'prompt') //\n  .returns('Hi'); //Entering Hi in the prompt\n  cy.wait(3000); //Click on the 3rd alert\n  cy.get(':nth-child(3) > button').click(); //After I enter Hi in the prompt, I click on the alert\n}); //Asserting the result\ncy.get('#result').should('have.text', 'You entered: Hi');",
              "err": {},
              "uuid": "846052e1-ff2a-4e32-9607-acd968097fc5",
              "parentUUID": "43175ae5-f645-4860-91c1-e265524218c7",
              "isHook": false,
              "skipped": false
            }
          ],
          "suites": [],
          "passes": [
            "a6e2e209-e58b-4953-9c3d-4854daa31ecd",
            "846052e1-ff2a-4e32-9607-acd968097fc5"
          ],
          "failures": [],
          "pending": [],
          "skipped": [],
          "duration": 4623,
          "root": false,
          "rootEmpty": false,
          "_timeout": 2000
        }
      ],
      "passes": [],
      "failures": [],
      "pending": [],
      "skipped": [],
      "duration": 0,
      "root": true,
      "rootEmpty": true,
      "_timeout": 2000
    }
  ],
  "meta": {
    "mocha": {
      "version": "7.0.1"
    },
    "mochawesome": {
      "options": {
        "quiet": false,
        "reportFilename": "report",
        "saveHtml": true,
        "saveJson": true,
        "consoleReporter": "spec",
        "useInlineDiffs": false,
        "code": true
      },
      "version": "6.2.2"
    },
    "marge": {
      "options": {
        "reportDir": "cypress/reports",
        "reportFilename": "report",
        "overwrite": false,
        "html": true,
        "json": true,
        "charts": true
      },
      "version": "5.2.0"
    }
  }
}