{
  "stats": {
    "suites": 1,
    "tests": 2,
    "passes": 2,
    "pending": 0,
    "failures": 0,
    "start": "2023-03-04T21:48:06.409Z",
    "end": "2023-03-04T21:48:40.756Z",
    "duration": 34347,
    "testsRegistered": 2,
    "passPercent": 100,
    "pendingPercent": 0,
    "other": 0,
    "hasOther": false,
    "skipped": 0,
    "hasSkipped": false
  },
  "results": [
    {
      "uuid": "dc363269-f94d-417c-a910-117a72426f7a",
      "title": "",
      "fullFile": "cypress/integration/com.techproed/day02_suggested_elements.js",
      "file": "cypress/integration/com.techproed/day02_suggested_elements.js",
      "beforeHooks": [],
      "afterHooks": [],
      "tests": [],
      "suites": [
        {
          "uuid": "8a3c687d-5bca-4028-b972-42043be7174d",
          "title": "suggested elements",
          "fullFile": "",
          "file": "",
          "beforeHooks": [],
          "afterHooks": [],
          "tests": [
            {
              "title": "suggested elements",
              "fullTitle": "suggested elements suggested elements",
              "timedOut": null,
              "duration": 9579,
              "state": "passed",
              "speed": "medium",
              "pass": true,
              "fail": false,
              "pending": false,
              "context": null,
              "code": "cy.visit(\"https://www.google.com/\");\ncy.get('#L2AGLb > .QS5gu').click();\ncy.get(\"input[name='q']\").type('usa');\ncy.wait(3000);\ncy.get('li span b') //getting the list of bold items\n.contains('today') //choosing the one that contains map\n.click(); //then clicking on it\n/*li span b :\nmap\na login\njobs\ntoday\na customer service\n  */",
              "err": {},
              "uuid": "f22986a8-92fb-4c96-9b33-3fd78d50b5a5",
              "parentUUID": "8a3c687d-5bca-4028-b972-42043be7174d",
              "isHook": false,
              "skipped": false
            },
            {
              "title": "automation practice . com ",
              "fullTitle": "suggested elements automation practice . com ",
              "timedOut": null,
              "duration": 13078,
              "state": "passed",
              "speed": "slow",
              "pass": true,
              "fail": false,
              "pending": false,
              "context": null,
              "code": "cy.visit(\"http://automationpractice.pl/index.php\");\ncy.get(\"input[id='search_query_top']\").type('dress');\ncy.wait(5000); // METHOD 1 is locate the one of the suggested option\n//Then click on it\n// cy\n// .get('.ac_results > ul > :nth-child(2)')\n// .click()\n//METHOD 2 is to use contains\n//and click on it\ncy.get('.ac_results') //Summer Dresses > Printed Summer,Evening Dresses > Printed ,Summer Dresses > Printed Summer ,..\n.contains('Blouse') //Click on the 1st element if there are multiple match\n.click();\ncy.wait(5000); //Assertion\ncy.get(\"h1[itemprop='name']\").should('be.visible');",
              "err": {},
              "uuid": "d04baa8e-6383-497f-8840-5a1b52e1150e",
              "parentUUID": "8a3c687d-5bca-4028-b972-42043be7174d",
              "isHook": false,
              "skipped": false
            }
          ],
          "suites": [],
          "passes": [
            "f22986a8-92fb-4c96-9b33-3fd78d50b5a5",
            "d04baa8e-6383-497f-8840-5a1b52e1150e"
          ],
          "failures": [],
          "pending": [],
          "skipped": [],
          "duration": 22657,
          "root": false,
          "rootEmpty": false,
          "_timeout": 2000
        }
      ],
      "passes": [],
      "failures": [],
      "pending": [],
      "skipped": [],
      "duration": 0,
      "root": true,
      "rootEmpty": true,
      "_timeout": 2000
    }
  ],
  "meta": {
    "mocha": {
      "version": "7.0.1"
    },
    "mochawesome": {
      "options": {
        "quiet": false,
        "reportFilename": "report",
        "saveHtml": true,
        "saveJson": true,
        "consoleReporter": "spec",
        "useInlineDiffs": false,
        "code": true
      },
      "version": "6.2.2"
    },
    "marge": {
      "options": {
        "reportDir": "cypress/reports",
        "reportFilename": "report",
        "overwrite": false,
        "html": true,
        "json": true,
        "charts": true
      },
      "version": "5.2.0"
    }
  }
}